ISim log file
Running: /home/dan/Desktop/rs_vhdl/RSDecoderTb_isim_beh.exe -intstyle ise -gui -tclbatch isim.cmd -wdb /home/dan/Desktop/rs_vhdl/RSDecoderTb_isim_beh.wdb 
ISim P.20131013 (signature 0xfbc00daa)
WARNING: A WEBPACK license was found.
WARNING: Please use Xilinx License Configuration Manager to check out a full ISim license.
WARNING: ISim will run in Lite mode. Please refer to the ISim documentation for more information on the differences between the Lite and the Full version.
This is a Lite version of ISim.
Time resolution is 1 ps
# onerror resume
# wave add /
# run 1000 ns
Simulator is doing circuit initialization process.
at 0 ps, Instance /rsdecodertb/decoder/\regs(0)\/gf_mul/adder_modulo/ : Warning: NUMERIC_STD.TO_INTEGER: metavalue detected, returning 0
at 0 ps, Instance /rsdecodertb/decoder/\regs(1)\/gf_mul/adder_modulo/ : Warning: NUMERIC_STD.TO_INTEGER: metavalue detected, returning 0
at 0 ps, Instance /rsdecodertb/decoder/\regs(2)\/gf_mul/adder_modulo/ : Warning: NUMERIC_STD.TO_INTEGER: metavalue detected, returning 0
at 0 ps, Instance /rsdecodertb/decoder/\regs(3)\/gf_mul/adder_modulo/ : Warning: NUMERIC_STD.TO_INTEGER: metavalue detected, returning 0
at 0 ps, Instance /rsdecodertb/decoder/\regs(4)\/gf_mul/adder_modulo/ : Warning: NUMERIC_STD.TO_INTEGER: metavalue detected, returning 0
at 0 ps, Instance /rsdecodertb/decoder/\regs(5)\/gf_mul/adder_modulo/ : Warning: NUMERIC_STD.TO_INTEGER: metavalue detected, returning 0
at 0 ps, Instance /rsdecodertb/decoder/\regs(6)\/gf_mul/adder_modulo/ : Warning: NUMERIC_STD.TO_INTEGER: metavalue detected, returning 0
at 0 ps, Instance /rsdecodertb/decoder/\regs(7)\/gf_mul/adder_modulo/ : Warning: NUMERIC_STD.TO_INTEGER: metavalue detected, returning 0
at 0 ps, Instance /rsdecodertb/decoder/\regs(8)\/gf_mul/adder_modulo/ : Warning: NUMERIC_STD.TO_INTEGER: metavalue detected, returning 0
at 0 ps, Instance /rsdecodertb/decoder/\regs(9)\/gf_mul/adder_modulo/ : Warning: NUMERIC_STD.TO_INTEGER: metavalue detected, returning 0
at 0 ps, Instance /rsdecodertb/decoder/\regs(10)\/gf_mul/adder_modulo/ : Warning: NUMERIC_STD.TO_INTEGER: metavalue detected, returning 0
at 0 ps, Instance /rsdecodertb/decoder/\regs(11)\/gf_mul/adder_modulo/ : Warning: NUMERIC_STD.TO_INTEGER: metavalue detected, returning 0
at 0 ps, Instance /rsdecodertb/decoder/\regs(12)\/gf_mul/adder_modulo/ : Warning: NUMERIC_STD.TO_INTEGER: metavalue detected, returning 0
at 0 ps, Instance /rsdecodertb/decoder/\regs(13)\/gf_mul/adder_modulo/ : Warning: NUMERIC_STD.TO_INTEGER: metavalue detected, returning 0
at 0 ps, Instance /rsdecodertb/decoder/\regs(14)\/gf_mul/adder_modulo/ : Warning: NUMERIC_STD.TO_INTEGER: metavalue detected, returning 0
at 0 ps, Instance /rsdecodertb/decoder/\regs(15)\/gf_mul/adder_modulo/ : Warning: NUMERIC_STD.TO_INTEGER: metavalue detected, returning 0
at 0 ps, Instance /rsdecodertb/decoder/\regs(16)\/gf_mul/adder_modulo/ : Warning: NUMERIC_STD.TO_INTEGER: metavalue detected, returning 0
at 0 ps, Instance /rsdecodertb/decoder/\regs(17)\/gf_mul/adder_modulo/ : Warning: NUMERIC_STD.TO_INTEGER: metavalue detected, returning 0
at 0 ps, Instance /rsdecodertb/decoder/\regs(18)\/gf_mul/adder_modulo/ : Warning: NUMERIC_STD.TO_INTEGER: metavalue detected, returning 0
at 0 ps, Instance /rsdecodertb/decoder/\regs(19)\/gf_mul/adder_modulo/ : Warning: NUMERIC_STD.TO_INTEGER: metavalue detected, returning 0
at 0 ps, Instance /rsdecodertb/decoder/\regs(20)\/gf_mul/adder_modulo/ : Warning: NUMERIC_STD.TO_INTEGER: metavalue detected, returning 0
at 0 ps, Instance /rsdecodertb/decoder/\regs(21)\/gf_mul/adder_modulo/ : Warning: NUMERIC_STD.TO_INTEGER: metavalue detected, returning 0
at 0 ps, Instance /rsdecodertb/decoder/\regs(22)\/gf_mul/adder_modulo/ : Warning: NUMERIC_STD.TO_INTEGER: metavalue detected, returning 0
at 0 ps, Instance /rsdecodertb/decoder/\regs(23)\/gf_mul/adder_modulo/ : Warning: NUMERIC_STD.TO_INTEGER: metavalue detected, returning 0
at 0 ps, Instance /rsdecodertb/decoder/\regs(24)\/gf_mul/adder_modulo/ : Warning: NUMERIC_STD.TO_INTEGER: metavalue detected, returning 0
at 0 ps, Instance /rsdecodertb/decoder/\regs(25)\/gf_mul/adder_modulo/ : Warning: NUMERIC_STD.TO_INTEGER: metavalue detected, returning 0
at 0 ps, Instance /rsdecodertb/decoder/\regs(26)\/gf_mul/adder_modulo/ : Warning: NUMERIC_STD.TO_INTEGER: metavalue detected, returning 0
at 0 ps, Instance /rsdecodertb/decoder/\regs(27)\/gf_mul/adder_modulo/ : Warning: NUMERIC_STD.TO_INTEGER: metavalue detected, returning 0
at 0 ps, Instance /rsdecodertb/decoder/\regs(28)\/gf_mul/adder_modulo/ : Warning: NUMERIC_STD.TO_INTEGER: metavalue detected, returning 0
at 0 ps, Instance /rsdecodertb/decoder/\regs(29)\/gf_mul/adder_modulo/ : Warning: NUMERIC_STD.TO_INTEGER: metavalue detected, returning 0
at 0 ps, Instance /rsdecodertb/decoder/\regs(30)\/gf_mul/adder_modulo/ : Warning: NUMERIC_STD.TO_INTEGER: metavalue detected, returning 0
at 0 ps, Instance /rsdecodertb/decoder/\regs(31)\/gf_mul/adder_modulo/ : Warning: NUMERIC_STD.TO_INTEGER: metavalue detected, returning 0
Finished circuit initialization process.
at 0 ps, Instance /rsdecodertb/decoder/\regs(0)\/gf_mul/adder_modulo/ : Warning: NUMERIC_STD.TO_INTEGER: metavalue detected, returning 0
at 0 ps, Instance /rsdecodertb/decoder/\regs(1)\/gf_mul/adder_modulo/ : Warning: NUMERIC_STD.TO_INTEGER: metavalue detected, returning 0
at 0 ps, Instance /rsdecodertb/decoder/\regs(2)\/gf_mul/adder_modulo/ : Warning: NUMERIC_STD.TO_INTEGER: metavalue detected, returning 0
at 0 ps, Instance /rsdecodertb/decoder/\regs(3)\/gf_mul/adder_modulo/ : Warning: NUMERIC_STD.TO_INTEGER: metavalue detected, returning 0
at 0 ps, Instance /rsdecodertb/decoder/\regs(4)\/gf_mul/adder_modulo/ : Warning: NUMERIC_STD.TO_INTEGER: metavalue detected, returning 0
at 0 ps, Instance /rsdecodertb/decoder/\regs(5)\/gf_mul/adder_modulo/ : Warning: NUMERIC_STD.TO_INTEGER: metavalue detected, returning 0
at 0 ps, Instance /rsdecodertb/decoder/\regs(6)\/gf_mul/adder_modulo/ : Warning: NUMERIC_STD.TO_INTEGER: metavalue detected, returning 0
at 0 ps, Instance /rsdecodertb/decoder/\regs(7)\/gf_mul/adder_modulo/ : Warning: NUMERIC_STD.TO_INTEGER: metavalue detected, returning 0
at 0 ps, Instance /rsdecodertb/decoder/\regs(8)\/gf_mul/adder_modulo/ : Warning: NUMERIC_STD.TO_INTEGER: metavalue detected, returning 0
at 0 ps, Instance /rsdecodertb/decoder/\regs(9)\/gf_mul/adder_modulo/ : Warning: NUMERIC_STD.TO_INTEGER: metavalue detected, returning 0
at 0 ps, Instance /rsdecodertb/decoder/\regs(10)\/gf_mul/adder_modulo/ : Warning: NUMERIC_STD.TO_INTEGER: metavalue detected, returning 0
at 0 ps, Instance /rsdecodertb/decoder/\regs(11)\/gf_mul/adder_modulo/ : Warning: NUMERIC_STD.TO_INTEGER: metavalue detected, returning 0
at 0 ps, Instance /rsdecodertb/decoder/\regs(12)\/gf_mul/adder_modulo/ : Warning: NUMERIC_STD.TO_INTEGER: metavalue detected, returning 0
at 0 ps, Instance /rsdecodertb/decoder/\regs(13)\/gf_mul/adder_modulo/ : Warning: NUMERIC_STD.TO_INTEGER: metavalue detected, returning 0
at 0 ps, Instance /rsdecodertb/decoder/\regs(14)\/gf_mul/adder_modulo/ : Warning: NUMERIC_STD.TO_INTEGER: metavalue detected, returning 0
at 0 ps, Instance /rsdecodertb/decoder/\regs(15)\/gf_mul/adder_modulo/ : Warning: NUMERIC_STD.TO_INTEGER: metavalue detected, returning 0
at 0 ps, Instance /rsdecodertb/decoder/\regs(16)\/gf_mul/adder_modulo/ : Warning: NUMERIC_STD.TO_INTEGER: metavalue detected, returning 0
at 0 ps, Instance /rsdecodertb/decoder/\regs(17)\/gf_mul/adder_modulo/ : Warning: NUMERIC_STD.TO_INTEGER: metavalue detected, returning 0
at 0 ps, Instance /rsdecodertb/decoder/\regs(18)\/gf_mul/adder_modulo/ : Warning: NUMERIC_STD.TO_INTEGER: metavalue detected, returning 0
at 0 ps, Instance /rsdecodertb/decoder/\regs(19)\/gf_mul/adder_modulo/ : Warning: NUMERIC_STD.TO_INTEGER: metavalue detected, returning 0
at 0 ps, Instance /rsdecodertb/decoder/\regs(20)\/gf_mul/adder_modulo/ : Warning: NUMERIC_STD.TO_INTEGER: metavalue detected, returning 0
at 0 ps, Instance /rsdecodertb/decoder/\regs(21)\/gf_mul/adder_modulo/ : Warning: NUMERIC_STD.TO_INTEGER: metavalue detected, returning 0
at 0 ps, Instance /rsdecodertb/decoder/\regs(22)\/gf_mul/adder_modulo/ : Warning: NUMERIC_STD.TO_INTEGER: metavalue detected, returning 0
at 0 ps, Instance /rsdecodertb/decoder/\regs(23)\/gf_mul/adder_modulo/ : Warning: NUMERIC_STD.TO_INTEGER: metavalue detected, returning 0
at 0 ps, Instance /rsdecodertb/decoder/\regs(24)\/gf_mul/adder_modulo/ : Warning: NUMERIC_STD.TO_INTEGER: metavalue detected, returning 0
at 0 ps, Instance /rsdecodertb/decoder/\regs(25)\/gf_mul/adder_modulo/ : Warning: NUMERIC_STD.TO_INTEGER: metavalue detected, returning 0
at 0 ps, Instance /rsdecodertb/decoder/\regs(26)\/gf_mul/adder_modulo/ : Warning: NUMERIC_STD.TO_INTEGER: metavalue detected, returning 0
at 0 ps, Instance /rsdecodertb/decoder/\regs(27)\/gf_mul/adder_modulo/ : Warning: NUMERIC_STD.TO_INTEGER: metavalue detected, returning 0
at 0 ps, Instance /rsdecodertb/decoder/\regs(28)\/gf_mul/adder_modulo/ : Warning: NUMERIC_STD.TO_INTEGER: metavalue detected, returning 0
at 0 ps, Instance /rsdecodertb/decoder/\regs(29)\/gf_mul/adder_modulo/ : Warning: NUMERIC_STD.TO_INTEGER: metavalue detected, returning 0
at 0 ps, Instance /rsdecodertb/decoder/\regs(30)\/gf_mul/adder_modulo/ : Warning: NUMERIC_STD.TO_INTEGER: metavalue detected, returning 0
at 0 ps, Instance /rsdecodertb/decoder/\regs(31)\/gf_mul/adder_modulo/ : Warning: NUMERIC_STD.TO_INTEGER: metavalue detected, returning 0
at 0 ps, Instance /rsdecodertb/decoder/\regs(0)\/gf_mul/adder_modulo/ : Warning: NUMERIC_STD.TO_INTEGER: metavalue detected, returning 0
at 0 ps, Instance /rsdecodertb/decoder/\regs(1)\/gf_mul/adder_modulo/ : Warning: NUMERIC_STD.TO_INTEGER: metavalue detected, returning 0
at 0 ps, Instance /rsdecodertb/decoder/\regs(2)\/gf_mul/adder_modulo/ : Warning: NUMERIC_STD.TO_INTEGER: metavalue detected, returning 0
at 0 ps, Instance /rsdecodertb/decoder/\regs(3)\/gf_mul/adder_modulo/ : Warning: NUMERIC_STD.TO_INTEGER: metavalue detected, returning 0
at 0 ps, Instance /rsdecodertb/decoder/\regs(4)\/gf_mul/adder_modulo/ : Warning: NUMERIC_STD.TO_INTEGER: metavalue detected, returning 0
at 0 ps, Instance /rsdecodertb/decoder/\regs(5)\/gf_mul/adder_modulo/ : Warning: NUMERIC_STD.TO_INTEGER: metavalue detected, returning 0
at 0 ps, Instance /rsdecodertb/decoder/\regs(6)\/gf_mul/adder_modulo/ : Warning: NUMERIC_STD.TO_INTEGER: metavalue detected, returning 0
at 0 ps, Instance /rsdecodertb/decoder/\regs(7)\/gf_mul/adder_modulo/ : Warning: NUMERIC_STD.TO_INTEGER: metavalue detected, returning 0
at 0 ps, Instance /rsdecodertb/decoder/\regs(8)\/gf_mul/adder_modulo/ : Warning: NUMERIC_STD.TO_INTEGER: metavalue detected, returning 0
at 0 ps, Instance /rsdecodertb/decoder/\regs(9)\/gf_mul/adder_modulo/ : Warning: NUMERIC_STD.TO_INTEGER: metavalue detected, returning 0
at 0 ps, Instance /rsdecodertb/decoder/\regs(10)\/gf_mul/adder_modulo/ : Warning: NUMERIC_STD.TO_INTEGER: metavalue detected, returning 0
at 0 ps, Instance /rsdecodertb/decoder/\regs(11)\/gf_mul/adder_modulo/ : Warning: NUMERIC_STD.TO_INTEGER: metavalue detected, returning 0
at 0 ps, Instance /rsdecodertb/decoder/\regs(12)\/gf_mul/adder_modulo/ : Warning: NUMERIC_STD.TO_INTEGER: metavalue detected, returning 0
at 0 ps, Instance /rsdecodertb/decoder/\regs(13)\/gf_mul/adder_modulo/ : Warning: NUMERIC_STD.TO_INTEGER: metavalue detected, returning 0
at 0 ps, Instance /rsdecodertb/decoder/\regs(14)\/gf_mul/adder_modulo/ : Warning: NUMERIC_STD.TO_INTEGER: metavalue detected, returning 0
at 0 ps, Instance /rsdecodertb/decoder/\regs(15)\/gf_mul/adder_modulo/ : Warning: NUMERIC_STD.TO_INTEGER: metavalue detected, returning 0
at 0 ps, Instance /rsdecodertb/decoder/\regs(16)\/gf_mul/adder_modulo/ : Warning: NUMERIC_STD.TO_INTEGER: metavalue detected, returning 0
at 0 ps, Instance /rsdecodertb/decoder/\regs(17)\/gf_mul/adder_modulo/ : Warning: NUMERIC_STD.TO_INTEGER: metavalue detected, returning 0
at 0 ps, Instance /rsdecodertb/decoder/\regs(18)\/gf_mul/adder_modulo/ : Warning: NUMERIC_STD.TO_INTEGER: metavalue detected, returning 0
at 0 ps, Instance /rsdecodertb/decoder/\regs(19)\/gf_mul/adder_modulo/ : Warning: NUMERIC_STD.TO_INTEGER: metavalue detected, returning 0
at 0 ps, Instance /rsdecodertb/decoder/\regs(20)\/gf_mul/adder_modulo/ : Warning: NUMERIC_STD.TO_INTEGER: metavalue detected, returning 0
at 0 ps, Instance /rsdecodertb/decoder/\regs(21)\/gf_mul/adder_modulo/ : Warning: NUMERIC_STD.TO_INTEGER: metavalue detected, returning 0
at 0 ps, Instance /rsdecodertb/decoder/\regs(22)\/gf_mul/adder_modulo/ : Warning: NUMERIC_STD.TO_INTEGER: metavalue detected, returning 0
at 0 ps, Instance /rsdecodertb/decoder/\regs(23)\/gf_mul/adder_modulo/ : Warning: NUMERIC_STD.TO_INTEGER: metavalue detected, returning 0
at 0 ps, Instance /rsdecodertb/decoder/\regs(24)\/gf_mul/adder_modulo/ : Warning: NUMERIC_STD.TO_INTEGER: metavalue detected, returning 0
at 0 ps, Instance /rsdecodertb/decoder/\regs(25)\/gf_mul/adder_modulo/ : Warning: NUMERIC_STD.TO_INTEGER: metavalue detected, returning 0
at 0 ps, Instance /rsdecodertb/decoder/\regs(26)\/gf_mul/adder_modulo/ : Warning: NUMERIC_STD.TO_INTEGER: metavalue detected, returning 0
at 0 ps, Instance /rsdecodertb/decoder/\regs(27)\/gf_mul/adder_modulo/ : Warning: NUMERIC_STD.TO_INTEGER: metavalue detected, returning 0
at 0 ps, Instance /rsdecodertb/decoder/\regs(28)\/gf_mul/adder_modulo/ : Warning: NUMERIC_STD.TO_INTEGER: metavalue detected, returning 0
at 0 ps, Instance /rsdecodertb/decoder/\regs(29)\/gf_mul/adder_modulo/ : Warning: NUMERIC_STD.TO_INTEGER: metavalue detected, returning 0
at 0 ps, Instance /rsdecodertb/decoder/\regs(30)\/gf_mul/adder_modulo/ : Warning: NUMERIC_STD.TO_INTEGER: metavalue detected, returning 0
at 0 ps, Instance /rsdecodertb/decoder/\regs(31)\/gf_mul/adder_modulo/ : Warning: NUMERIC_STD.TO_INTEGER: metavalue detected, returning 0
at 0 ps, Instance /rsdecodertb/decoder/\regs(0)\/gf_mul/adder_modulo/ : Warning: NUMERIC_STD.TO_INTEGER: metavalue detected, returning 0
at 0 ps, Instance /rsdecodertb/decoder/\regs(1)\/gf_mul/adder_modulo/ : Warning: NUMERIC_STD.TO_INTEGER: metavalue detected, returning 0
at 0 ps, Instance /rsdecodertb/decoder/\regs(2)\/gf_mul/adder_modulo/ : Warning: NUMERIC_STD.TO_INTEGER: metavalue detected, returning 0
at 0 ps, Instance /rsdecodertb/decoder/\regs(3)\/gf_mul/adder_modulo/ : Warning: NUMERIC_STD.TO_INTEGER: metavalue detected, returning 0
at 0 ps, Instance /rsdecodertb/decoder/\regs(4)\/gf_mul/adder_modulo/ : Warning: NUMERIC_STD.TO_INTEGER: metavalue detected, returning 0
at 0 ps, Instance /rsdecodertb/decoder/\regs(5)\/gf_mul/adder_modulo/ : Warning: NUMERIC_STD.TO_INTEGER: metavalue detected, returning 0
at 0 ps, Instance /rsdecodertb/decoder/\regs(6)\/gf_mul/adder_modulo/ : Warning: NUMERIC_STD.TO_INTEGER: metavalue detected, returning 0
at 0 ps, Instance /rsdecodertb/decoder/\regs(7)\/gf_mul/adder_modulo/ : Warning: NUMERIC_STD.TO_INTEGER: metavalue detected, returning 0
at 0 ps, Instance /rsdecodertb/decoder/\regs(8)\/gf_mul/adder_modulo/ : Warning: NUMERIC_STD.TO_INTEGER: metavalue detected, returning 0
at 0 ps, Instance /rsdecodertb/decoder/\regs(9)\/gf_mul/adder_modulo/ : Warning: NUMERIC_STD.TO_INTEGER: metavalue detected, returning 0
at 0 ps, Instance /rsdecodertb/decoder/\regs(10)\/gf_mul/adder_modulo/ : Warning: NUMERIC_STD.TO_INTEGER: metavalue detected, returning 0
at 0 ps, Instance /rsdecodertb/decoder/\regs(11)\/gf_mul/adder_modulo/ : Warning: NUMERIC_STD.TO_INTEGER: metavalue detected, returning 0
at 0 ps, Instance /rsdecodertb/decoder/\regs(12)\/gf_mul/adder_modulo/ : Warning: NUMERIC_STD.TO_INTEGER: metavalue detected, returning 0
at 0 ps, Instance /rsdecodertb/decoder/\regs(13)\/gf_mul/adder_modulo/ : Warning: NUMERIC_STD.TO_INTEGER: metavalue detected, returning 0
at 0 ps, Instance /rsdecodertb/decoder/\regs(14)\/gf_mul/adder_modulo/ : Warning: NUMERIC_STD.TO_INTEGER: metavalue detected, returning 0
at 0 ps, Instance /rsdecodertb/decoder/\regs(15)\/gf_mul/adder_modulo/ : Warning: NUMERIC_STD.TO_INTEGER: metavalue detected, returning 0
at 0 ps, Instance /rsdecodertb/decoder/\regs(16)\/gf_mul/adder_modulo/ : Warning: NUMERIC_STD.TO_INTEGER: metavalue detected, returning 0
at 0 ps, Instance /rsdecodertb/decoder/\regs(17)\/gf_mul/adder_modulo/ : Warning: NUMERIC_STD.TO_INTEGER: metavalue detected, returning 0
at 0 ps, Instance /rsdecodertb/decoder/\regs(18)\/gf_mul/adder_modulo/ : Warning: NUMERIC_STD.TO_INTEGER: metavalue detected, returning 0
at 0 ps, Instance /rsdecodertb/decoder/\regs(19)\/gf_mul/adder_modulo/ : Warning: NUMERIC_STD.TO_INTEGER: metavalue detected, returning 0
at 0 ps, Instance /rsdecodertb/decoder/\regs(20)\/gf_mul/adder_modulo/ : Warning: NUMERIC_STD.TO_INTEGER: metavalue detected, returning 0
at 0 ps, Instance /rsdecodertb/decoder/\regs(21)\/gf_mul/adder_modulo/ : Warning: NUMERIC_STD.TO_INTEGER: metavalue detected, returning 0
at 0 ps, Instance /rsdecodertb/decoder/\regs(22)\/gf_mul/adder_modulo/ : Warning: NUMERIC_STD.TO_INTEGER: metavalue detected, returning 0
at 0 ps, Instance /rsdecodertb/decoder/\regs(23)\/gf_mul/adder_modulo/ : Warning: NUMERIC_STD.TO_INTEGER: metavalue detected, returning 0
at 0 ps, Instance /rsdecodertb/decoder/\regs(24)\/gf_mul/adder_modulo/ : Warning: NUMERIC_STD.TO_INTEGER: metavalue detected, returning 0
at 0 ps, Instance /rsdecodertb/decoder/\regs(25)\/gf_mul/adder_modulo/ : Warning: NUMERIC_STD.TO_INTEGER: metavalue detected, returning 0
at 0 ps, Instance /rsdecodertb/decoder/\regs(26)\/gf_mul/adder_modulo/ : Warning: NUMERIC_STD.TO_INTEGER: metavalue detected, returning 0
at 0 ps, Instance /rsdecodertb/decoder/\regs(27)\/gf_mul/adder_modulo/ : Warning: NUMERIC_STD.TO_INTEGER: metavalue detected, returning 0
at 0 ps, Instance /rsdecodertb/decoder/\regs(28)\/gf_mul/adder_modulo/ : Warning: NUMERIC_STD.TO_INTEGER: metavalue detected, returning 0
at 0 ps, Instance /rsdecodertb/decoder/\regs(29)\/gf_mul/adder_modulo/ : Warning: NUMERIC_STD.TO_INTEGER: metavalue detected, returning 0
at 0 ps, Instance /rsdecodertb/decoder/\regs(30)\/gf_mul/adder_modulo/ : Warning: NUMERIC_STD.TO_INTEGER: metavalue detected, returning 0
at 0 ps, Instance /rsdecodertb/decoder/\regs(31)\/gf_mul/adder_modulo/ : Warning: NUMERIC_STD.TO_INTEGER: metavalue detected, returning 0
at 0 ps, Instance /rsdecodertb/decoder/\regs(2)\/gf_mul/adder_modulo/ : Warning: NUMERIC_STD.TO_INTEGER: metavalue detected, returning 0
at 0 ps, Instance /rsdecodertb/decoder/\regs(3)\/gf_mul/adder_modulo/ : Warning: NUMERIC_STD.TO_INTEGER: metavalue detected, returning 0
at 0 ps, Instance /rsdecodertb/decoder/\regs(4)\/gf_mul/adder_modulo/ : Warning: NUMERIC_STD.TO_INTEGER: metavalue detected, returning 0
at 0 ps, Instance /rsdecodertb/decoder/\regs(5)\/gf_mul/adder_modulo/ : Warning: NUMERIC_STD.TO_INTEGER: metavalue detected, returning 0
at 0 ps, Instance /rsdecodertb/decoder/\regs(8)\/gf_mul/adder_modulo/ : Warning: NUMERIC_STD.TO_INTEGER: metavalue detected, returning 0
at 0 ps, Instance /rsdecodertb/decoder/\regs(12)\/gf_mul/adder_modulo/ : Warning: NUMERIC_STD.TO_INTEGER: metavalue detected, returning 0
at 0 ps, Instance /rsdecodertb/decoder/\regs(13)\/gf_mul/adder_modulo/ : Warning: NUMERIC_STD.TO_INTEGER: metavalue detected, returning 0
at 0 ps, Instance /rsdecodertb/decoder/\regs(14)\/gf_mul/adder_modulo/ : Warning: NUMERIC_STD.TO_INTEGER: metavalue detected, returning 0
at 0 ps, Instance /rsdecodertb/decoder/\regs(15)\/gf_mul/adder_modulo/ : Warning: NUMERIC_STD.TO_INTEGER: metavalue detected, returning 0
at 0 ps, Instance /rsdecodertb/decoder/\regs(16)\/gf_mul/adder_modulo/ : Warning: NUMERIC_STD.TO_INTEGER: metavalue detected, returning 0
at 0 ps, Instance /rsdecodertb/decoder/\regs(17)\/gf_mul/adder_modulo/ : Warning: NUMERIC_STD.TO_INTEGER: metavalue detected, returning 0
at 0 ps, Instance /rsdecodertb/decoder/\regs(19)\/gf_mul/adder_modulo/ : Warning: NUMERIC_STD.TO_INTEGER: metavalue detected, returning 0
at 0 ps, Instance /rsdecodertb/decoder/\regs(23)\/gf_mul/adder_modulo/ : Warning: NUMERIC_STD.TO_INTEGER: metavalue detected, returning 0
at 0 ps, Instance /rsdecodertb/decoder/\regs(24)\/gf_mul/adder_modulo/ : Warning: NUMERIC_STD.TO_INTEGER: metavalue detected, returning 0
at 0 ps, Instance /rsdecodertb/decoder/\regs(25)\/gf_mul/adder_modulo/ : Warning: NUMERIC_STD.TO_INTEGER: metavalue detected, returning 0
at 0 ps, Instance /rsdecodertb/decoder/\regs(27)\/gf_mul/adder_modulo/ : Warning: NUMERIC_STD.TO_INTEGER: metavalue detected, returning 0
at 0 ps, Instance /rsdecodertb/decoder/\regs(28)\/gf_mul/adder_modulo/ : Warning: NUMERIC_STD.TO_INTEGER: metavalue detected, returning 0
at 0 ps, Instance /rsdecodertb/decoder/\regs(29)\/gf_mul/adder_modulo/ : Warning: NUMERIC_STD.TO_INTEGER: metavalue detected, returning 0
at 0 ps, Instance /rsdecodertb/decoder/\regs(30)\/gf_mul/adder_modulo/ : Warning: NUMERIC_STD.TO_INTEGER: metavalue detected, returning 0
at 0 ps, Instance /rsdecodertb/decoder/\regs(31)\/gf_mul/adder_modulo/ : Warning: NUMERIC_STD.TO_INTEGER: metavalue detected, returning 0
at 0 ps, Instance /rsdecodertb/decoder/\regs(3)\/gf_mul/adder_modulo/ : Warning: NUMERIC_STD.TO_INTEGER: metavalue detected, returning 0
at 0 ps, Instance /rsdecodertb/decoder/\regs(4)\/gf_mul/adder_modulo/ : Warning: NUMERIC_STD.TO_INTEGER: metavalue detected, returning 0
at 0 ps, Instance /rsdecodertb/decoder/\regs(12)\/gf_mul/adder_modulo/ : Warning: NUMERIC_STD.TO_INTEGER: metavalue detected, returning 0
at 0 ps, Instance /rsdecodertb/decoder/\regs(13)\/gf_mul/adder_modulo/ : Warning: NUMERIC_STD.TO_INTEGER: metavalue detected, returning 0
at 0 ps, Instance /rsdecodertb/decoder/\regs(16)\/gf_mul/adder_modulo/ : Warning: NUMERIC_STD.TO_INTEGER: metavalue detected, returning 0
at 0 ps, Instance /rsdecodertb/decoder/\regs(17)\/gf_mul/adder_modulo/ : Warning: NUMERIC_STD.TO_INTEGER: metavalue detected, returning 0
at 0 ps, Instance /rsdecodertb/decoder/\regs(19)\/gf_mul/adder_modulo/ : Warning: NUMERIC_STD.TO_INTEGER: metavalue detected, returning 0
at 0 ps, Instance /rsdecodertb/decoder/\regs(23)\/gf_mul/adder_modulo/ : Warning: NUMERIC_STD.TO_INTEGER: metavalue detected, returning 0
at 0 ps, Instance /rsdecodertb/decoder/\regs(24)\/gf_mul/adder_modulo/ : Warning: NUMERIC_STD.TO_INTEGER: metavalue detected, returning 0
at 0 ps, Instance /rsdecodertb/decoder/\regs(25)\/gf_mul/adder_modulo/ : Warning: NUMERIC_STD.TO_INTEGER: metavalue detected, returning 0
at 0 ps, Instance /rsdecodertb/decoder/\regs(28)\/gf_mul/adder_modulo/ : Warning: NUMERIC_STD.TO_INTEGER: metavalue detected, returning 0
at 0 ps, Instance /rsdecodertb/decoder/\regs(29)\/gf_mul/adder_modulo/ : Warning: NUMERIC_STD.TO_INTEGER: metavalue detected, returning 0
at 0 ps, Instance /rsdecodertb/decoder/\regs(30)\/gf_mul/adder_modulo/ : Warning: NUMERIC_STD.TO_INTEGER: metavalue detected, returning 0
at 0 ps, Instance /rsdecodertb/decoder/\regs(31)\/gf_mul/adder_modulo/ : Warning: NUMERIC_STD.TO_INTEGER: metavalue detected, returning 0
at 0 ps, Instance /rsdecodertb/decoder/\regs(3)\/gf_mul/adder_modulo/ : Warning: NUMERIC_STD.TO_INTEGER: metavalue detected, returning 0
at 0 ps, Instance /rsdecodertb/decoder/\regs(4)\/gf_mul/adder_modulo/ : Warning: NUMERIC_STD.TO_INTEGER: metavalue detected, returning 0
at 0 ps, Instance /rsdecodertb/decoder/\regs(12)\/gf_mul/adder_modulo/ : Warning: NUMERIC_STD.TO_INTEGER: metavalue detected, returning 0
at 0 ps, Instance /rsdecodertb/decoder/\regs(13)\/gf_mul/adder_modulo/ : Warning: NUMERIC_STD.TO_INTEGER: metavalue detected, returning 0
at 0 ps, Instance /rsdecodertb/decoder/\regs(16)\/gf_mul/adder_modulo/ : Warning: NUMERIC_STD.TO_INTEGER: metavalue detected, returning 0
at 0 ps, Instance /rsdecodertb/decoder/\regs(23)\/gf_mul/adder_modulo/ : Warning: NUMERIC_STD.TO_INTEGER: metavalue detected, returning 0
at 0 ps, Instance /rsdecodertb/decoder/\regs(28)\/gf_mul/adder_modulo/ : Warning: NUMERIC_STD.TO_INTEGER: metavalue detected, returning 0
at 0 ps, Instance /rsdecodertb/decoder/\regs(31)\/gf_mul/adder_modulo/ : Warning: NUMERIC_STD.TO_INTEGER: metavalue detected, returning 0
at 0 ps, Instance /rsdecodertb/decoder/\regs(4)\/gf_mul/adder_modulo/ : Warning: NUMERIC_STD.TO_INTEGER: metavalue detected, returning 0
at 0 ps, Instance /rsdecodertb/decoder/\regs(28)\/gf_mul/adder_modulo/ : Warning: NUMERIC_STD.TO_INTEGER: metavalue detected, returning 0
at 0 ps, Instance /rsdecodertb/decoder/\regs(28)\/gf_mul/adder_modulo/ : Warning: NUMERIC_STD.TO_INTEGER: metavalue detected, returning 0
# run 255.00us
# exit 0
