Release 14.7 Map P.20131013 (lin64)
Xilinx Mapping Report File for Design 'RSDecoder'

Design Information
------------------
Command Line   : map -intstyle ise -p xc3s700a-fg484-4 -cm area -ir off -pr off
-c 100 -o RSDecoder_map.ncd RSDecoder.ngd RSDecoder.pcf 
Target Device  : xc3s700a
Target Package : fg484
Target Speed   : -4
Mapper Version : spartan3a -- $Revision: 1.55 $
Mapped Date    : Mon Jul 15 01:16:43 2019

Design Summary
--------------
Number of errors:      0
Number of warnings:    0
Logic Utilization:
  Number of Slice Flip Flops:           256 out of  11,776    2%
  Number of 4 input LUTs:             4,600 out of  11,776   39%
Logic Distribution:
  Number of occupied Slices:          2,309 out of   5,888   39%
    Number of Slices containing only related logic:   2,309 out of   2,309 100%
    Number of Slices containing unrelated logic:          0 out of   2,309   0%
      *See NOTES below for an explanation of the effects of unrelated logic.
  Total Number of 4 input LUTs:       4,600 out of  11,776   39%
  Number of bonded IOBs:                267 out of     372   71%
  Number of BUFGMUXs:                     1 out of      24    4%

Average Fanout of Non-Clock Nets:                5.88

Peak Memory Usage:  653 MB
Total REAL time to MAP completion:  7 secs 
Total CPU time to MAP completion:   5 secs 

NOTES:

   Related logic is defined as being logic that shares connectivity - e.g. two
   LUTs are "related" if they share common inputs.  When assembling slices,
   Map gives priority to combine logic that is related.  Doing so results in
   the best timing performance.

   Unrelated logic shares no connectivity.  Map will only begin packing
   unrelated logic into a slice once 99% of the slices are occupied through
   related logic packing.

   Note that once logic distribution reaches the 99% level through related
   logic packing, this does not mean the device is completely utilized.
   Unrelated logic packing will then begin, continuing until all usable LUTs
   and FFs are occupied.  Depending on your timing budget, increased levels of
   unrelated logic packing may adversely affect the overall timing performance
   of your design.

Table of Contents
-----------------
Section 1 - Errors
Section 2 - Warnings
Section 3 - Informational
Section 4 - Removed Logic Summary
Section 5 - Removed Logic
Section 6 - IOB Properties
Section 7 - RPMs
Section 8 - Guide Report
Section 9 - Area Group and Partition Summary
Section 10 - Timing Report
Section 11 - Configuration String Information
Section 12 - Control Set Information
Section 13 - Utilization by Hierarchy

Section 1 - Errors
------------------

Section 2 - Warnings
--------------------

Section 3 - Informational
-------------------------
INFO:LIT:243 - Logical network dbg<7> has no load.
INFO:LIT:395 - The above info message is repeated 7 more times for the following
   (max. 5 shown):
   dbg<6>,
   dbg<5>,
   dbg<4>,
   dbg<3>,
   dbg<2>
   To see the details of these info messages, please use the -detail switch.
INFO:MapLib:562 - No environment variables are currently set.
INFO:LIT:244 - All of the single ended outputs in this design are using slew
   rate limited output drivers. The delay on speed critical single ended outputs
   can be dramatically reduced by designating them as fast outputs.

Section 4 - Removed Logic Summary
---------------------------------
   1 block(s) optimized away

Section 5 - Removed Logic
-------------------------

Optimized Block(s):
TYPE 		BLOCK
GND 		XST_GND

Section 6 - IOB Properties
--------------------------

+-------------------------------------------------------------------------------------------------------------------------------------------------------------------------------+
| IOB Name                           | Type             | Direction | IO Standard          | Diff  | Drive    | Slew    | Reg (s)      | Resistor | IBUF/IFD | SUSPEND          |
|                                    |                  |           |                      | Term  | Strength | Rate    |              |          | Delay    |                  |
+-------------------------------------------------------------------------------------------------------------------------------------------------------------------------------+
| clk                                | IBUF             | INPUT     | LVCMOS25             |       |          |         |              |          | 0 / 0    |                  |
| enable                             | IBUF             | INPUT     | LVCMOS25             |       |          |         |              |          | 0 / 0    |                  |
| in_bus<0>                          | IBUF             | INPUT     | LVCMOS25             |       |          |         |              |          | 0 / 0    |                  |
| in_bus<1>                          | IBUF             | INPUT     | LVCMOS25             |       |          |         |              |          | 0 / 0    |                  |
| in_bus<2>                          | IBUF             | INPUT     | LVCMOS25             |       |          |         |              |          | 0 / 0    |                  |
| in_bus<3>                          | IBUF             | INPUT     | LVCMOS25             |       |          |         |              |          | 0 / 0    |                  |
| in_bus<4>                          | IBUF             | INPUT     | LVCMOS25             |       |          |         |              |          | 0 / 0    |                  |
| in_bus<5>                          | IBUF             | INPUT     | LVCMOS25             |       |          |         |              |          | 0 / 0    |                  |
| in_bus<6>                          | IBUF             | INPUT     | LVCMOS25             |       |          |         |              |          | 0 / 0    |                  |
| in_bus<7>                          | IBUF             | INPUT     | LVCMOS25             |       |          |         |              |          | 0 / 0    |                  |
| out_bus<0><0>                      | IOB              | OUTPUT    | LVCMOS25             |       | 12       | SLOW    |              |          | 0 / 0    | 3STATE           |
| out_bus<0><1>                      | IOB              | OUTPUT    | LVCMOS25             |       | 12       | SLOW    |              |          | 0 / 0    | 3STATE           |
| out_bus<0><2>                      | IOB              | OUTPUT    | LVCMOS25             |       | 12       | SLOW    |              |          | 0 / 0    | 3STATE           |
| out_bus<0><3>                      | IOB              | OUTPUT    | LVCMOS25             |       | 12       | SLOW    |              |          | 0 / 0    | 3STATE           |
| out_bus<0><4>                      | IOB              | OUTPUT    | LVCMOS25             |       | 12       | SLOW    |              |          | 0 / 0    | 3STATE           |
| out_bus<0><5>                      | IOB              | OUTPUT    | LVCMOS25             |       | 12       | SLOW    |              |          | 0 / 0    | 3STATE           |
| out_bus<0><6>                      | IOB              | OUTPUT    | LVCMOS25             |       | 12       | SLOW    |              |          | 0 / 0    | 3STATE           |
| out_bus<0><7>                      | IOB              | OUTPUT    | LVCMOS25             |       | 12       | SLOW    |              |          | 0 / 0    | 3STATE           |
| out_bus<10><0>                     | IOB              | OUTPUT    | LVCMOS25             |       | 12       | SLOW    |              |          | 0 / 0    | 3STATE           |
| out_bus<10><1>                     | IOB              | OUTPUT    | LVCMOS25             |       | 12       | SLOW    |              |          | 0 / 0    | 3STATE           |
| out_bus<10><2>                     | IOB              | OUTPUT    | LVCMOS25             |       | 12       | SLOW    |              |          | 0 / 0    | 3STATE           |
| out_bus<10><3>                     | IOB              | OUTPUT    | LVCMOS25             |       | 12       | SLOW    |              |          | 0 / 0    | 3STATE           |
| out_bus<10><4>                     | IOB              | OUTPUT    | LVCMOS25             |       | 12       | SLOW    |              |          | 0 / 0    | 3STATE           |
| out_bus<10><5>                     | IOB              | OUTPUT    | LVCMOS25             |       | 12       | SLOW    |              |          | 0 / 0    | 3STATE           |
| out_bus<10><6>                     | IOB              | OUTPUT    | LVCMOS25             |       | 12       | SLOW    |              |          | 0 / 0    | 3STATE           |
| out_bus<10><7>                     | IOB              | OUTPUT    | LVCMOS25             |       | 12       | SLOW    |              |          | 0 / 0    | 3STATE           |
| out_bus<11><0>                     | IOB              | OUTPUT    | LVCMOS25             |       | 12       | SLOW    |              |          | 0 / 0    | 3STATE           |
| out_bus<11><1>                     | IOB              | OUTPUT    | LVCMOS25             |       | 12       | SLOW    |              |          | 0 / 0    | 3STATE           |
| out_bus<11><2>                     | IOB              | OUTPUT    | LVCMOS25             |       | 12       | SLOW    |              |          | 0 / 0    | 3STATE           |
| out_bus<11><3>                     | IOB              | OUTPUT    | LVCMOS25             |       | 12       | SLOW    |              |          | 0 / 0    | 3STATE           |
| out_bus<11><4>                     | IOB              | OUTPUT    | LVCMOS25             |       | 12       | SLOW    |              |          | 0 / 0    | 3STATE           |
| out_bus<11><5>                     | IOB              | OUTPUT    | LVCMOS25             |       | 12       | SLOW    |              |          | 0 / 0    | 3STATE           |
| out_bus<11><6>                     | IOB              | OUTPUT    | LVCMOS25             |       | 12       | SLOW    |              |          | 0 / 0    | 3STATE           |
| out_bus<11><7>                     | IOB              | OUTPUT    | LVCMOS25             |       | 12       | SLOW    |              |          | 0 / 0    | 3STATE           |
| out_bus<12><0>                     | IOB              | OUTPUT    | LVCMOS25             |       | 12       | SLOW    |              |          | 0 / 0    | 3STATE           |
| out_bus<12><1>                     | IOB              | OUTPUT    | LVCMOS25             |       | 12       | SLOW    |              |          | 0 / 0    | 3STATE           |
| out_bus<12><2>                     | IOB              | OUTPUT    | LVCMOS25             |       | 12       | SLOW    |              |          | 0 / 0    | 3STATE           |
| out_bus<12><3>                     | IOB              | OUTPUT    | LVCMOS25             |       | 12       | SLOW    |              |          | 0 / 0    | 3STATE           |
| out_bus<12><4>                     | IOB              | OUTPUT    | LVCMOS25             |       | 12       | SLOW    |              |          | 0 / 0    | 3STATE           |
| out_bus<12><5>                     | IOB              | OUTPUT    | LVCMOS25             |       | 12       | SLOW    |              |          | 0 / 0    | 3STATE           |
| out_bus<12><6>                     | IOB              | OUTPUT    | LVCMOS25             |       | 12       | SLOW    |              |          | 0 / 0    | 3STATE           |
| out_bus<12><7>                     | IOB              | OUTPUT    | LVCMOS25             |       | 12       | SLOW    |              |          | 0 / 0    | 3STATE           |
| out_bus<13><0>                     | IOB              | OUTPUT    | LVCMOS25             |       | 12       | SLOW    |              |          | 0 / 0    | 3STATE           |
| out_bus<13><1>                     | IOB              | OUTPUT    | LVCMOS25             |       | 12       | SLOW    |              |          | 0 / 0    | 3STATE           |
| out_bus<13><2>                     | IOB              | OUTPUT    | LVCMOS25             |       | 12       | SLOW    |              |          | 0 / 0    | 3STATE           |
| out_bus<13><3>                     | IOB              | OUTPUT    | LVCMOS25             |       | 12       | SLOW    |              |          | 0 / 0    | 3STATE           |
| out_bus<13><4>                     | IOB              | OUTPUT    | LVCMOS25             |       | 12       | SLOW    |              |          | 0 / 0    | 3STATE           |
| out_bus<13><5>                     | IOB              | OUTPUT    | LVCMOS25             |       | 12       | SLOW    |              |          | 0 / 0    | 3STATE           |
| out_bus<13><6>                     | IOB              | OUTPUT    | LVCMOS25             |       | 12       | SLOW    |              |          | 0 / 0    | 3STATE           |
| out_bus<13><7>                     | IOB              | OUTPUT    | LVCMOS25             |       | 12       | SLOW    |              |          | 0 / 0    | 3STATE           |
| out_bus<14><0>                     | IOB              | OUTPUT    | LVCMOS25             |       | 12       | SLOW    |              |          | 0 / 0    | 3STATE           |
| out_bus<14><1>                     | IOB              | OUTPUT    | LVCMOS25             |       | 12       | SLOW    |              |          | 0 / 0    | 3STATE           |
| out_bus<14><2>                     | IOB              | OUTPUT    | LVCMOS25             |       | 12       | SLOW    |              |          | 0 / 0    | 3STATE           |
| out_bus<14><3>                     | IOB              | OUTPUT    | LVCMOS25             |       | 12       | SLOW    |              |          | 0 / 0    | 3STATE           |
| out_bus<14><4>                     | IOB              | OUTPUT    | LVCMOS25             |       | 12       | SLOW    |              |          | 0 / 0    | 3STATE           |
| out_bus<14><5>                     | IOB              | OUTPUT    | LVCMOS25             |       | 12       | SLOW    |              |          | 0 / 0    | 3STATE           |
| out_bus<14><6>                     | IOB              | OUTPUT    | LVCMOS25             |       | 12       | SLOW    |              |          | 0 / 0    | 3STATE           |
| out_bus<14><7>                     | IOB              | OUTPUT    | LVCMOS25             |       | 12       | SLOW    |              |          | 0 / 0    | 3STATE           |
| out_bus<15><0>                     | IOB              | OUTPUT    | LVCMOS25             |       | 12       | SLOW    |              |          | 0 / 0    | 3STATE           |
| out_bus<15><1>                     | IOB              | OUTPUT    | LVCMOS25             |       | 12       | SLOW    |              |          | 0 / 0    | 3STATE           |
| out_bus<15><2>                     | IOB              | OUTPUT    | LVCMOS25             |       | 12       | SLOW    |              |          | 0 / 0    | 3STATE           |
| out_bus<15><3>                     | IOB              | OUTPUT    | LVCMOS25             |       | 12       | SLOW    |              |          | 0 / 0    | 3STATE           |
| out_bus<15><4>                     | IOB              | OUTPUT    | LVCMOS25             |       | 12       | SLOW    |              |          | 0 / 0    | 3STATE           |
| out_bus<15><5>                     | IOB              | OUTPUT    | LVCMOS25             |       | 12       | SLOW    |              |          | 0 / 0    | 3STATE           |
| out_bus<15><6>                     | IOB              | OUTPUT    | LVCMOS25             |       | 12       | SLOW    |              |          | 0 / 0    | 3STATE           |
| out_bus<15><7>                     | IOB              | OUTPUT    | LVCMOS25             |       | 12       | SLOW    |              |          | 0 / 0    | 3STATE           |
| out_bus<16><0>                     | IOB              | OUTPUT    | LVCMOS25             |       | 12       | SLOW    |              |          | 0 / 0    | 3STATE           |
| out_bus<16><1>                     | IOB              | OUTPUT    | LVCMOS25             |       | 12       | SLOW    |              |          | 0 / 0    | 3STATE           |
| out_bus<16><2>                     | IOB              | OUTPUT    | LVCMOS25             |       | 12       | SLOW    |              |          | 0 / 0    | 3STATE           |
| out_bus<16><3>                     | IOB              | OUTPUT    | LVCMOS25             |       | 12       | SLOW    |              |          | 0 / 0    | 3STATE           |
| out_bus<16><4>                     | IOB              | OUTPUT    | LVCMOS25             |       | 12       | SLOW    |              |          | 0 / 0    | 3STATE           |
| out_bus<16><5>                     | IOB              | OUTPUT    | LVCMOS25             |       | 12       | SLOW    |              |          | 0 / 0    | 3STATE           |
| out_bus<16><6>                     | IOB              | OUTPUT    | LVCMOS25             |       | 12       | SLOW    |              |          | 0 / 0    | 3STATE           |
| out_bus<16><7>                     | IOB              | OUTPUT    | LVCMOS25             |       | 12       | SLOW    |              |          | 0 / 0    | 3STATE           |
| out_bus<17><0>                     | IOB              | OUTPUT    | LVCMOS25             |       | 12       | SLOW    |              |          | 0 / 0    | 3STATE           |
| out_bus<17><1>                     | IOB              | OUTPUT    | LVCMOS25             |       | 12       | SLOW    |              |          | 0 / 0    | 3STATE           |
| out_bus<17><2>                     | IOB              | OUTPUT    | LVCMOS25             |       | 12       | SLOW    |              |          | 0 / 0    | 3STATE           |
| out_bus<17><3>                     | IOB              | OUTPUT    | LVCMOS25             |       | 12       | SLOW    |              |          | 0 / 0    | 3STATE           |
| out_bus<17><4>                     | IOB              | OUTPUT    | LVCMOS25             |       | 12       | SLOW    |              |          | 0 / 0    | 3STATE           |
| out_bus<17><5>                     | IOB              | OUTPUT    | LVCMOS25             |       | 12       | SLOW    |              |          | 0 / 0    | 3STATE           |
| out_bus<17><6>                     | IOB              | OUTPUT    | LVCMOS25             |       | 12       | SLOW    |              |          | 0 / 0    | 3STATE           |
| out_bus<17><7>                     | IOB              | OUTPUT    | LVCMOS25             |       | 12       | SLOW    |              |          | 0 / 0    | 3STATE           |
| out_bus<18><0>                     | IOB              | OUTPUT    | LVCMOS25             |       | 12       | SLOW    |              |          | 0 / 0    | 3STATE           |
| out_bus<18><1>                     | IOB              | OUTPUT    | LVCMOS25             |       | 12       | SLOW    |              |          | 0 / 0    | 3STATE           |
| out_bus<18><2>                     | IOB              | OUTPUT    | LVCMOS25             |       | 12       | SLOW    |              |          | 0 / 0    | 3STATE           |
| out_bus<18><3>                     | IOB              | OUTPUT    | LVCMOS25             |       | 12       | SLOW    |              |          | 0 / 0    | 3STATE           |
| out_bus<18><4>                     | IOB              | OUTPUT    | LVCMOS25             |       | 12       | SLOW    |              |          | 0 / 0    | 3STATE           |
| out_bus<18><5>                     | IOB              | OUTPUT    | LVCMOS25             |       | 12       | SLOW    |              |          | 0 / 0    | 3STATE           |
| out_bus<18><6>                     | IOB              | OUTPUT    | LVCMOS25             |       | 12       | SLOW    |              |          | 0 / 0    | 3STATE           |
| out_bus<18><7>                     | IOB              | OUTPUT    | LVCMOS25             |       | 12       | SLOW    |              |          | 0 / 0    | 3STATE           |
| out_bus<19><0>                     | IOB              | OUTPUT    | LVCMOS25             |       | 12       | SLOW    |              |          | 0 / 0    | 3STATE           |
| out_bus<19><1>                     | IOB              | OUTPUT    | LVCMOS25             |       | 12       | SLOW    |              |          | 0 / 0    | 3STATE           |
| out_bus<19><2>                     | IOB              | OUTPUT    | LVCMOS25             |       | 12       | SLOW    |              |          | 0 / 0    | 3STATE           |
| out_bus<19><3>                     | IOB              | OUTPUT    | LVCMOS25             |       | 12       | SLOW    |              |          | 0 / 0    | 3STATE           |
| out_bus<19><4>                     | IOB              | OUTPUT    | LVCMOS25             |       | 12       | SLOW    |              |          | 0 / 0    | 3STATE           |
| out_bus<19><5>                     | IOB              | OUTPUT    | LVCMOS25             |       | 12       | SLOW    |              |          | 0 / 0    | 3STATE           |
| out_bus<19><6>                     | IOB              | OUTPUT    | LVCMOS25             |       | 12       | SLOW    |              |          | 0 / 0    | 3STATE           |
| out_bus<19><7>                     | IOB              | OUTPUT    | LVCMOS25             |       | 12       | SLOW    |              |          | 0 / 0    | 3STATE           |
| out_bus<1><0>                      | IOB              | OUTPUT    | LVCMOS25             |       | 12       | SLOW    |              |          | 0 / 0    | 3STATE           |
| out_bus<1><1>                      | IOB              | OUTPUT    | LVCMOS25             |       | 12       | SLOW    |              |          | 0 / 0    | 3STATE           |
| out_bus<1><2>                      | IOB              | OUTPUT    | LVCMOS25             |       | 12       | SLOW    |              |          | 0 / 0    | 3STATE           |
| out_bus<1><3>                      | IOB              | OUTPUT    | LVCMOS25             |       | 12       | SLOW    |              |          | 0 / 0    | 3STATE           |
| out_bus<1><4>                      | IOB              | OUTPUT    | LVCMOS25             |       | 12       | SLOW    |              |          | 0 / 0    | 3STATE           |
| out_bus<1><5>                      | IOB              | OUTPUT    | LVCMOS25             |       | 12       | SLOW    |              |          | 0 / 0    | 3STATE           |
| out_bus<1><6>                      | IOB              | OUTPUT    | LVCMOS25             |       | 12       | SLOW    |              |          | 0 / 0    | 3STATE           |
| out_bus<1><7>                      | IOB              | OUTPUT    | LVCMOS25             |       | 12       | SLOW    |              |          | 0 / 0    | 3STATE           |
| out_bus<20><0>                     | IOB              | OUTPUT    | LVCMOS25             |       | 12       | SLOW    |              |          | 0 / 0    | 3STATE           |
| out_bus<20><1>                     | IOB              | OUTPUT    | LVCMOS25             |       | 12       | SLOW    |              |          | 0 / 0    | 3STATE           |
| out_bus<20><2>                     | IOB              | OUTPUT    | LVCMOS25             |       | 12       | SLOW    |              |          | 0 / 0    | 3STATE           |
| out_bus<20><3>                     | IOB              | OUTPUT    | LVCMOS25             |       | 12       | SLOW    |              |          | 0 / 0    | 3STATE           |
| out_bus<20><4>                     | IOB              | OUTPUT    | LVCMOS25             |       | 12       | SLOW    |              |          | 0 / 0    | 3STATE           |
| out_bus<20><5>                     | IOB              | OUTPUT    | LVCMOS25             |       | 12       | SLOW    |              |          | 0 / 0    | 3STATE           |
| out_bus<20><6>                     | IOB              | OUTPUT    | LVCMOS25             |       | 12       | SLOW    |              |          | 0 / 0    | 3STATE           |
| out_bus<20><7>                     | IOB              | OUTPUT    | LVCMOS25             |       | 12       | SLOW    |              |          | 0 / 0    | 3STATE           |
| out_bus<21><0>                     | IOB              | OUTPUT    | LVCMOS25             |       | 12       | SLOW    |              |          | 0 / 0    | 3STATE           |
| out_bus<21><1>                     | IOB              | OUTPUT    | LVCMOS25             |       | 12       | SLOW    |              |          | 0 / 0    | 3STATE           |
| out_bus<21><2>                     | IOB              | OUTPUT    | LVCMOS25             |       | 12       | SLOW    |              |          | 0 / 0    | 3STATE           |
| out_bus<21><3>                     | IOB              | OUTPUT    | LVCMOS25             |       | 12       | SLOW    |              |          | 0 / 0    | 3STATE           |
| out_bus<21><4>                     | IOB              | OUTPUT    | LVCMOS25             |       | 12       | SLOW    |              |          | 0 / 0    | 3STATE           |
| out_bus<21><5>                     | IOB              | OUTPUT    | LVCMOS25             |       | 12       | SLOW    |              |          | 0 / 0    | 3STATE           |
| out_bus<21><6>                     | IOB              | OUTPUT    | LVCMOS25             |       | 12       | SLOW    |              |          | 0 / 0    | 3STATE           |
| out_bus<21><7>                     | IOB              | OUTPUT    | LVCMOS25             |       | 12       | SLOW    |              |          | 0 / 0    | 3STATE           |
| out_bus<22><0>                     | IOB              | OUTPUT    | LVCMOS25             |       | 12       | SLOW    |              |          | 0 / 0    | 3STATE           |
| out_bus<22><1>                     | IOB              | OUTPUT    | LVCMOS25             |       | 12       | SLOW    |              |          | 0 / 0    | 3STATE           |
| out_bus<22><2>                     | IOB              | OUTPUT    | LVCMOS25             |       | 12       | SLOW    |              |          | 0 / 0    | 3STATE           |
| out_bus<22><3>                     | IOB              | OUTPUT    | LVCMOS25             |       | 12       | SLOW    |              |          | 0 / 0    | 3STATE           |
| out_bus<22><4>                     | IOB              | OUTPUT    | LVCMOS25             |       | 12       | SLOW    |              |          | 0 / 0    | 3STATE           |
| out_bus<22><5>                     | IOB              | OUTPUT    | LVCMOS25             |       | 12       | SLOW    |              |          | 0 / 0    | 3STATE           |
| out_bus<22><6>                     | IOB              | OUTPUT    | LVCMOS25             |       | 12       | SLOW    |              |          | 0 / 0    | 3STATE           |
| out_bus<22><7>                     | IOB              | OUTPUT    | LVCMOS25             |       | 12       | SLOW    |              |          | 0 / 0    | 3STATE           |
| out_bus<23><0>                     | IOB              | OUTPUT    | LVCMOS25             |       | 12       | SLOW    |              |          | 0 / 0    | 3STATE           |
| out_bus<23><1>                     | IOB              | OUTPUT    | LVCMOS25             |       | 12       | SLOW    |              |          | 0 / 0    | 3STATE           |
| out_bus<23><2>                     | IOB              | OUTPUT    | LVCMOS25             |       | 12       | SLOW    |              |          | 0 / 0    | 3STATE           |
| out_bus<23><3>                     | IOB              | OUTPUT    | LVCMOS25             |       | 12       | SLOW    |              |          | 0 / 0    | 3STATE           |
| out_bus<23><4>                     | IOB              | OUTPUT    | LVCMOS25             |       | 12       | SLOW    |              |          | 0 / 0    | 3STATE           |
| out_bus<23><5>                     | IOB              | OUTPUT    | LVCMOS25             |       | 12       | SLOW    |              |          | 0 / 0    | 3STATE           |
| out_bus<23><6>                     | IOB              | OUTPUT    | LVCMOS25             |       | 12       | SLOW    |              |          | 0 / 0    | 3STATE           |
| out_bus<23><7>                     | IOB              | OUTPUT    | LVCMOS25             |       | 12       | SLOW    |              |          | 0 / 0    | 3STATE           |
| out_bus<24><0>                     | IOB              | OUTPUT    | LVCMOS25             |       | 12       | SLOW    |              |          | 0 / 0    | 3STATE           |
| out_bus<24><1>                     | IOB              | OUTPUT    | LVCMOS25             |       | 12       | SLOW    |              |          | 0 / 0    | 3STATE           |
| out_bus<24><2>                     | IOB              | OUTPUT    | LVCMOS25             |       | 12       | SLOW    |              |          | 0 / 0    | 3STATE           |
| out_bus<24><3>                     | IOB              | OUTPUT    | LVCMOS25             |       | 12       | SLOW    |              |          | 0 / 0    | 3STATE           |
| out_bus<24><4>                     | IOB              | OUTPUT    | LVCMOS25             |       | 12       | SLOW    |              |          | 0 / 0    | 3STATE           |
| out_bus<24><5>                     | IOB              | OUTPUT    | LVCMOS25             |       | 12       | SLOW    |              |          | 0 / 0    | 3STATE           |
| out_bus<24><6>                     | IOB              | OUTPUT    | LVCMOS25             |       | 12       | SLOW    |              |          | 0 / 0    | 3STATE           |
| out_bus<24><7>                     | IOB              | OUTPUT    | LVCMOS25             |       | 12       | SLOW    |              |          | 0 / 0    | 3STATE           |
| out_bus<25><0>                     | IOB              | OUTPUT    | LVCMOS25             |       | 12       | SLOW    |              |          | 0 / 0    | 3STATE           |
| out_bus<25><1>                     | IOB              | OUTPUT    | LVCMOS25             |       | 12       | SLOW    |              |          | 0 / 0    | 3STATE           |
| out_bus<25><2>                     | IOB              | OUTPUT    | LVCMOS25             |       | 12       | SLOW    |              |          | 0 / 0    | 3STATE           |
| out_bus<25><3>                     | IOB              | OUTPUT    | LVCMOS25             |       | 12       | SLOW    |              |          | 0 / 0    | 3STATE           |
| out_bus<25><4>                     | IOB              | OUTPUT    | LVCMOS25             |       | 12       | SLOW    |              |          | 0 / 0    | 3STATE           |
| out_bus<25><5>                     | IOB              | OUTPUT    | LVCMOS25             |       | 12       | SLOW    |              |          | 0 / 0    | 3STATE           |
| out_bus<25><6>                     | IOB              | OUTPUT    | LVCMOS25             |       | 12       | SLOW    |              |          | 0 / 0    | 3STATE           |
| out_bus<25><7>                     | IOB              | OUTPUT    | LVCMOS25             |       | 12       | SLOW    |              |          | 0 / 0    | 3STATE           |
| out_bus<26><0>                     | IOB              | OUTPUT    | LVCMOS25             |       | 12       | SLOW    |              |          | 0 / 0    | 3STATE           |
| out_bus<26><1>                     | IOB              | OUTPUT    | LVCMOS25             |       | 12       | SLOW    |              |          | 0 / 0    | 3STATE           |
| out_bus<26><2>                     | IOB              | OUTPUT    | LVCMOS25             |       | 12       | SLOW    |              |          | 0 / 0    | 3STATE           |
| out_bus<26><3>                     | IOB              | OUTPUT    | LVCMOS25             |       | 12       | SLOW    |              |          | 0 / 0    | 3STATE           |
| out_bus<26><4>                     | IOB              | OUTPUT    | LVCMOS25             |       | 12       | SLOW    |              |          | 0 / 0    | 3STATE           |
| out_bus<26><5>                     | IOB              | OUTPUT    | LVCMOS25             |       | 12       | SLOW    |              |          | 0 / 0    | 3STATE           |
| out_bus<26><6>                     | IOB              | OUTPUT    | LVCMOS25             |       | 12       | SLOW    |              |          | 0 / 0    | 3STATE           |
| out_bus<26><7>                     | IOB              | OUTPUT    | LVCMOS25             |       | 12       | SLOW    |              |          | 0 / 0    | 3STATE           |
| out_bus<27><0>                     | IOB              | OUTPUT    | LVCMOS25             |       | 12       | SLOW    |              |          | 0 / 0    | 3STATE           |
| out_bus<27><1>                     | IOB              | OUTPUT    | LVCMOS25             |       | 12       | SLOW    |              |          | 0 / 0    | 3STATE           |
| out_bus<27><2>                     | IOB              | OUTPUT    | LVCMOS25             |       | 12       | SLOW    |              |          | 0 / 0    | 3STATE           |
| out_bus<27><3>                     | IOB              | OUTPUT    | LVCMOS25             |       | 12       | SLOW    |              |          | 0 / 0    | 3STATE           |
| out_bus<27><4>                     | IOB              | OUTPUT    | LVCMOS25             |       | 12       | SLOW    |              |          | 0 / 0    | 3STATE           |
| out_bus<27><5>                     | IOB              | OUTPUT    | LVCMOS25             |       | 12       | SLOW    |              |          | 0 / 0    | 3STATE           |
| out_bus<27><6>                     | IOB              | OUTPUT    | LVCMOS25             |       | 12       | SLOW    |              |          | 0 / 0    | 3STATE           |
| out_bus<27><7>                     | IOB              | OUTPUT    | LVCMOS25             |       | 12       | SLOW    |              |          | 0 / 0    | 3STATE           |
| out_bus<28><0>                     | IOB              | OUTPUT    | LVCMOS25             |       | 12       | SLOW    |              |          | 0 / 0    | 3STATE           |
| out_bus<28><1>                     | IOB              | OUTPUT    | LVCMOS25             |       | 12       | SLOW    |              |          | 0 / 0    | 3STATE           |
| out_bus<28><2>                     | IOB              | OUTPUT    | LVCMOS25             |       | 12       | SLOW    |              |          | 0 / 0    | 3STATE           |
| out_bus<28><3>                     | IOB              | OUTPUT    | LVCMOS25             |       | 12       | SLOW    |              |          | 0 / 0    | 3STATE           |
| out_bus<28><4>                     | IOB              | OUTPUT    | LVCMOS25             |       | 12       | SLOW    |              |          | 0 / 0    | 3STATE           |
| out_bus<28><5>                     | IOB              | OUTPUT    | LVCMOS25             |       | 12       | SLOW    |              |          | 0 / 0    | 3STATE           |
| out_bus<28><6>                     | IOB              | OUTPUT    | LVCMOS25             |       | 12       | SLOW    |              |          | 0 / 0    | 3STATE           |
| out_bus<28><7>                     | IOB              | OUTPUT    | LVCMOS25             |       | 12       | SLOW    |              |          | 0 / 0    | 3STATE           |
| out_bus<29><0>                     | IOB              | OUTPUT    | LVCMOS25             |       | 12       | SLOW    |              |          | 0 / 0    | 3STATE           |
| out_bus<29><1>                     | IOB              | OUTPUT    | LVCMOS25             |       | 12       | SLOW    |              |          | 0 / 0    | 3STATE           |
| out_bus<29><2>                     | IOB              | OUTPUT    | LVCMOS25             |       | 12       | SLOW    |              |          | 0 / 0    | 3STATE           |
| out_bus<29><3>                     | IOB              | OUTPUT    | LVCMOS25             |       | 12       | SLOW    |              |          | 0 / 0    | 3STATE           |
| out_bus<29><4>                     | IOB              | OUTPUT    | LVCMOS25             |       | 12       | SLOW    |              |          | 0 / 0    | 3STATE           |
| out_bus<29><5>                     | IOB              | OUTPUT    | LVCMOS25             |       | 12       | SLOW    |              |          | 0 / 0    | 3STATE           |
| out_bus<29><6>                     | IOB              | OUTPUT    | LVCMOS25             |       | 12       | SLOW    |              |          | 0 / 0    | 3STATE           |
| out_bus<29><7>                     | IOB              | OUTPUT    | LVCMOS25             |       | 12       | SLOW    |              |          | 0 / 0    | 3STATE           |
| out_bus<2><0>                      | IOB              | OUTPUT    | LVCMOS25             |       | 12       | SLOW    |              |          | 0 / 0    | 3STATE           |
| out_bus<2><1>                      | IOB              | OUTPUT    | LVCMOS25             |       | 12       | SLOW    |              |          | 0 / 0    | 3STATE           |
| out_bus<2><2>                      | IOB              | OUTPUT    | LVCMOS25             |       | 12       | SLOW    |              |          | 0 / 0    | 3STATE           |
| out_bus<2><3>                      | IOB              | OUTPUT    | LVCMOS25             |       | 12       | SLOW    |              |          | 0 / 0    | 3STATE           |
| out_bus<2><4>                      | IOB              | OUTPUT    | LVCMOS25             |       | 12       | SLOW    |              |          | 0 / 0    | 3STATE           |
| out_bus<2><5>                      | IOB              | OUTPUT    | LVCMOS25             |       | 12       | SLOW    |              |          | 0 / 0    | 3STATE           |
| out_bus<2><6>                      | IOB              | OUTPUT    | LVCMOS25             |       | 12       | SLOW    |              |          | 0 / 0    | 3STATE           |
| out_bus<2><7>                      | IOB              | OUTPUT    | LVCMOS25             |       | 12       | SLOW    |              |          | 0 / 0    | 3STATE           |
| out_bus<30><0>                     | IOB              | OUTPUT    | LVCMOS25             |       | 12       | SLOW    |              |          | 0 / 0    | 3STATE           |
| out_bus<30><1>                     | IOB              | OUTPUT    | LVCMOS25             |       | 12       | SLOW    |              |          | 0 / 0    | 3STATE           |
| out_bus<30><2>                     | IOB              | OUTPUT    | LVCMOS25             |       | 12       | SLOW    |              |          | 0 / 0    | 3STATE           |
| out_bus<30><3>                     | IOB              | OUTPUT    | LVCMOS25             |       | 12       | SLOW    |              |          | 0 / 0    | 3STATE           |
| out_bus<30><4>                     | IOB              | OUTPUT    | LVCMOS25             |       | 12       | SLOW    |              |          | 0 / 0    | 3STATE           |
| out_bus<30><5>                     | IOB              | OUTPUT    | LVCMOS25             |       | 12       | SLOW    |              |          | 0 / 0    | 3STATE           |
| out_bus<30><6>                     | IOB              | OUTPUT    | LVCMOS25             |       | 12       | SLOW    |              |          | 0 / 0    | 3STATE           |
| out_bus<30><7>                     | IOB              | OUTPUT    | LVCMOS25             |       | 12       | SLOW    |              |          | 0 / 0    | 3STATE           |
| out_bus<31><0>                     | IOB              | OUTPUT    | LVCMOS25             |       | 12       | SLOW    |              |          | 0 / 0    | 3STATE           |
| out_bus<31><1>                     | IOB              | OUTPUT    | LVCMOS25             |       | 12       | SLOW    |              |          | 0 / 0    | 3STATE           |
| out_bus<31><2>                     | IOB              | OUTPUT    | LVCMOS25             |       | 12       | SLOW    |              |          | 0 / 0    | 3STATE           |
| out_bus<31><3>                     | IOB              | OUTPUT    | LVCMOS25             |       | 12       | SLOW    |              |          | 0 / 0    | 3STATE           |
| out_bus<31><4>                     | IOB              | OUTPUT    | LVCMOS25             |       | 12       | SLOW    |              |          | 0 / 0    | 3STATE           |
| out_bus<31><5>                     | IOB              | OUTPUT    | LVCMOS25             |       | 12       | SLOW    |              |          | 0 / 0    | 3STATE           |
| out_bus<31><6>                     | IOB              | OUTPUT    | LVCMOS25             |       | 12       | SLOW    |              |          | 0 / 0    | 3STATE           |
| out_bus<31><7>                     | IOB              | OUTPUT    | LVCMOS25             |       | 12       | SLOW    |              |          | 0 / 0    | 3STATE           |
| out_bus<3><0>                      | IOB              | OUTPUT    | LVCMOS25             |       | 12       | SLOW    |              |          | 0 / 0    | 3STATE           |
| out_bus<3><1>                      | IOB              | OUTPUT    | LVCMOS25             |       | 12       | SLOW    |              |          | 0 / 0    | 3STATE           |
| out_bus<3><2>                      | IOB              | OUTPUT    | LVCMOS25             |       | 12       | SLOW    |              |          | 0 / 0    | 3STATE           |
| out_bus<3><3>                      | IOB              | OUTPUT    | LVCMOS25             |       | 12       | SLOW    |              |          | 0 / 0    | 3STATE           |
| out_bus<3><4>                      | IOB              | OUTPUT    | LVCMOS25             |       | 12       | SLOW    |              |          | 0 / 0    | 3STATE           |
| out_bus<3><5>                      | IOB              | OUTPUT    | LVCMOS25             |       | 12       | SLOW    |              |          | 0 / 0    | 3STATE           |
| out_bus<3><6>                      | IOB              | OUTPUT    | LVCMOS25             |       | 12       | SLOW    |              |          | 0 / 0    | 3STATE           |
| out_bus<3><7>                      | IOB              | OUTPUT    | LVCMOS25             |       | 12       | SLOW    |              |          | 0 / 0    | 3STATE           |
| out_bus<4><0>                      | IOB              | OUTPUT    | LVCMOS25             |       | 12       | SLOW    |              |          | 0 / 0    | 3STATE           |
| out_bus<4><1>                      | IOB              | OUTPUT    | LVCMOS25             |       | 12       | SLOW    |              |          | 0 / 0    | 3STATE           |
| out_bus<4><2>                      | IOB              | OUTPUT    | LVCMOS25             |       | 12       | SLOW    |              |          | 0 / 0    | 3STATE           |
| out_bus<4><3>                      | IOB              | OUTPUT    | LVCMOS25             |       | 12       | SLOW    |              |          | 0 / 0    | 3STATE           |
| out_bus<4><4>                      | IOB              | OUTPUT    | LVCMOS25             |       | 12       | SLOW    |              |          | 0 / 0    | 3STATE           |
| out_bus<4><5>                      | IOB              | OUTPUT    | LVCMOS25             |       | 12       | SLOW    |              |          | 0 / 0    | 3STATE           |
| out_bus<4><6>                      | IOB              | OUTPUT    | LVCMOS25             |       | 12       | SLOW    |              |          | 0 / 0    | 3STATE           |
| out_bus<4><7>                      | IOB              | OUTPUT    | LVCMOS25             |       | 12       | SLOW    |              |          | 0 / 0    | 3STATE           |
| out_bus<5><0>                      | IOB              | OUTPUT    | LVCMOS25             |       | 12       | SLOW    |              |          | 0 / 0    | 3STATE           |
| out_bus<5><1>                      | IOB              | OUTPUT    | LVCMOS25             |       | 12       | SLOW    |              |          | 0 / 0    | 3STATE           |
| out_bus<5><2>                      | IOB              | OUTPUT    | LVCMOS25             |       | 12       | SLOW    |              |          | 0 / 0    | 3STATE           |
| out_bus<5><3>                      | IOB              | OUTPUT    | LVCMOS25             |       | 12       | SLOW    |              |          | 0 / 0    | 3STATE           |
| out_bus<5><4>                      | IOB              | OUTPUT    | LVCMOS25             |       | 12       | SLOW    |              |          | 0 / 0    | 3STATE           |
| out_bus<5><5>                      | IOB              | OUTPUT    | LVCMOS25             |       | 12       | SLOW    |              |          | 0 / 0    | 3STATE           |
| out_bus<5><6>                      | IOB              | OUTPUT    | LVCMOS25             |       | 12       | SLOW    |              |          | 0 / 0    | 3STATE           |
| out_bus<5><7>                      | IOB              | OUTPUT    | LVCMOS25             |       | 12       | SLOW    |              |          | 0 / 0    | 3STATE           |
| out_bus<6><0>                      | IOB              | OUTPUT    | LVCMOS25             |       | 12       | SLOW    |              |          | 0 / 0    | 3STATE           |
| out_bus<6><1>                      | IOB              | OUTPUT    | LVCMOS25             |       | 12       | SLOW    |              |          | 0 / 0    | 3STATE           |
| out_bus<6><2>                      | IOB              | OUTPUT    | LVCMOS25             |       | 12       | SLOW    |              |          | 0 / 0    | 3STATE           |
| out_bus<6><3>                      | IOB              | OUTPUT    | LVCMOS25             |       | 12       | SLOW    |              |          | 0 / 0    | 3STATE           |
| out_bus<6><4>                      | IOB              | OUTPUT    | LVCMOS25             |       | 12       | SLOW    |              |          | 0 / 0    | 3STATE           |
| out_bus<6><5>                      | IOB              | OUTPUT    | LVCMOS25             |       | 12       | SLOW    |              |          | 0 / 0    | 3STATE           |
| out_bus<6><6>                      | IOB              | OUTPUT    | LVCMOS25             |       | 12       | SLOW    |              |          | 0 / 0    | 3STATE           |
| out_bus<6><7>                      | IOB              | OUTPUT    | LVCMOS25             |       | 12       | SLOW    |              |          | 0 / 0    | 3STATE           |
| out_bus<7><0>                      | IOB              | OUTPUT    | LVCMOS25             |       | 12       | SLOW    |              |          | 0 / 0    | 3STATE           |
| out_bus<7><1>                      | IOB              | OUTPUT    | LVCMOS25             |       | 12       | SLOW    |              |          | 0 / 0    | 3STATE           |
| out_bus<7><2>                      | IOB              | OUTPUT    | LVCMOS25             |       | 12       | SLOW    |              |          | 0 / 0    | 3STATE           |
| out_bus<7><3>                      | IOB              | OUTPUT    | LVCMOS25             |       | 12       | SLOW    |              |          | 0 / 0    | 3STATE           |
| out_bus<7><4>                      | IOB              | OUTPUT    | LVCMOS25             |       | 12       | SLOW    |              |          | 0 / 0    | 3STATE           |
| out_bus<7><5>                      | IOB              | OUTPUT    | LVCMOS25             |       | 12       | SLOW    |              |          | 0 / 0    | 3STATE           |
| out_bus<7><6>                      | IOB              | OUTPUT    | LVCMOS25             |       | 12       | SLOW    |              |          | 0 / 0    | 3STATE           |
| out_bus<7><7>                      | IOB              | OUTPUT    | LVCMOS25             |       | 12       | SLOW    |              |          | 0 / 0    | 3STATE           |
| out_bus<8><0>                      | IOB              | OUTPUT    | LVCMOS25             |       | 12       | SLOW    |              |          | 0 / 0    | 3STATE           |
| out_bus<8><1>                      | IOB              | OUTPUT    | LVCMOS25             |       | 12       | SLOW    |              |          | 0 / 0    | 3STATE           |
| out_bus<8><2>                      | IOB              | OUTPUT    | LVCMOS25             |       | 12       | SLOW    |              |          | 0 / 0    | 3STATE           |
| out_bus<8><3>                      | IOB              | OUTPUT    | LVCMOS25             |       | 12       | SLOW    |              |          | 0 / 0    | 3STATE           |
| out_bus<8><4>                      | IOB              | OUTPUT    | LVCMOS25             |       | 12       | SLOW    |              |          | 0 / 0    | 3STATE           |
| out_bus<8><5>                      | IOB              | OUTPUT    | LVCMOS25             |       | 12       | SLOW    |              |          | 0 / 0    | 3STATE           |
| out_bus<8><6>                      | IOB              | OUTPUT    | LVCMOS25             |       | 12       | SLOW    |              |          | 0 / 0    | 3STATE           |
| out_bus<8><7>                      | IOB              | OUTPUT    | LVCMOS25             |       | 12       | SLOW    |              |          | 0 / 0    | 3STATE           |
| out_bus<9><0>                      | IOB              | OUTPUT    | LVCMOS25             |       | 12       | SLOW    |              |          | 0 / 0    | 3STATE           |
| out_bus<9><1>                      | IOB              | OUTPUT    | LVCMOS25             |       | 12       | SLOW    |              |          | 0 / 0    | 3STATE           |
| out_bus<9><2>                      | IOB              | OUTPUT    | LVCMOS25             |       | 12       | SLOW    |              |          | 0 / 0    | 3STATE           |
| out_bus<9><3>                      | IOB              | OUTPUT    | LVCMOS25             |       | 12       | SLOW    |              |          | 0 / 0    | 3STATE           |
| out_bus<9><4>                      | IOB              | OUTPUT    | LVCMOS25             |       | 12       | SLOW    |              |          | 0 / 0    | 3STATE           |
| out_bus<9><5>                      | IOB              | OUTPUT    | LVCMOS25             |       | 12       | SLOW    |              |          | 0 / 0    | 3STATE           |
| out_bus<9><6>                      | IOB              | OUTPUT    | LVCMOS25             |       | 12       | SLOW    |              |          | 0 / 0    | 3STATE           |
| out_bus<9><7>                      | IOB              | OUTPUT    | LVCMOS25             |       | 12       | SLOW    |              |          | 0 / 0    | 3STATE           |
| rst_a                              | IBUF             | INPUT     | LVCMOS25             |       |          |         |              |          | 0 / 0    |                  |
+-------------------------------------------------------------------------------------------------------------------------------------------------------------------------------+

Section 7 - RPMs
----------------

Section 8 - Guide Report
------------------------
Guide not run on this design.

Section 9 - Area Group and Partition Summary
--------------------------------------------

Partition Implementation Status
-------------------------------

  No Partitions were found in this design.

-------------------------------

Area Group Information
----------------------

  No area groups were found in this design.

----------------------

Section 10 - Timing Report
--------------------------
This design was not run using timing mode.

Section 11 - Configuration String Details
-----------------------------------------
Use the "-detail" map option to print out Configuration Strings

Section 12 - Control Set Information
------------------------------------
No control set information for this architecture.

Section 13 - Utilization by Hierarchy
-------------------------------------
Use the "-detail" map option to print out the Utilization by Hierarchy section.
