Release 14.7 - xst P.20131013 (lin64)
Copyright (c) 1995-2013 Xilinx, Inc.  All rights reserved.
--> 
Parameter TMPDIR set to xst/projnav.tmp


Total REAL time to Xst completion: 0.00 secs
Total CPU time to Xst completion: 0.04 secs
 
--> 
Parameter xsthdpdir set to xst


Total REAL time to Xst completion: 0.00 secs
Total CPU time to Xst completion: 0.04 secs
 
--> 
Reading design: RSEncoder.prj

TABLE OF CONTENTS
  1) Synthesis Options Summary
  2) HDL Compilation
  3) Design Hierarchy Analysis
  4) HDL Analysis
  5) HDL Synthesis
     5.1) HDL Synthesis Report
  6) Advanced HDL Synthesis
     6.1) Advanced HDL Synthesis Report
  7) Low Level Synthesis
  8) Partition Report
  9) Final Report
	9.1) Device utilization summary
	9.2) Partition Resource Summary
	9.3) TIMING REPORT


=========================================================================
*                      Synthesis Options Summary                        *
=========================================================================
---- Source Parameters
Input File Name                    : "RSEncoder.prj"
Input Format                       : mixed
Ignore Synthesis Constraint File   : NO

---- Target Parameters
Output File Name                   : "RSEncoder"
Output Format                      : NGC
Target Device                      : xc3s700a-4-fg484

---- Source Options
Top Module Name                    : RSEncoder
Automatic FSM Extraction           : YES
FSM Encoding Algorithm             : Auto
Safe Implementation                : No
FSM Style                          : LUT
RAM Extraction                     : Yes
RAM Style                          : Auto
ROM Extraction                     : Yes
Mux Style                          : Auto
Decoder Extraction                 : YES
Priority Encoder Extraction        : Yes
Shift Register Extraction          : YES
Logical Shifter Extraction         : YES
XOR Collapsing                     : YES
ROM Style                          : Auto
Mux Extraction                     : Yes
Resource Sharing                   : YES
Asynchronous To Synchronous        : NO
Multiplier Style                   : Auto
Automatic Register Balancing       : No

---- Target Options
Add IO Buffers                     : YES
Global Maximum Fanout              : 500
Add Generic Clock Buffer(BUFG)     : 24
Register Duplication               : YES
Slice Packing                      : YES
Optimize Instantiated Primitives   : NO
Use Clock Enable                   : Yes
Use Synchronous Set                : Yes
Use Synchronous Reset              : Yes
Pack IO Registers into IOBs        : Auto
Equivalent register Removal        : YES

---- General Options
Optimization Goal                  : Speed
Optimization Effort                : 1
Keep Hierarchy                     : No
Netlist Hierarchy                  : As_Optimized
RTL Output                         : Yes
Global Optimization                : AllClockNets
Read Cores                         : YES
Write Timing Constraints           : NO
Cross Clock Analysis               : NO
Hierarchy Separator                : /
Bus Delimiter                      : <>
Case Specifier                     : Maintain
Slice Utilization Ratio            : 100
BRAM Utilization Ratio             : 100
Verilog 2001                       : YES
Auto BRAM Packing                  : NO
Slice Utilization Ratio Delta      : 5

=========================================================================


=========================================================================
*                          HDL Compilation                              *
=========================================================================
Compiling vhdl file "/home/dan/Desktop/rs_vhdl/src/ReedSolomon_package.vhd" in Library work.
Compiling vhdl file "/home/dan/Desktop/rs_vhdl/src/datapath/FullAdder.vhd" in Library work.
Architecture rtl of Entity fulladder is up to date.
Compiling vhdl file "/home/dan/Desktop/rs_vhdl/src/datapath/Mux.vhd" in Library work.
Architecture rtl of Entity mux is up to date.
Compiling vhdl file "/home/dan/Desktop/rs_vhdl/src/datapath/SymbolPowerEncoder.vhd" in Library work.
Architecture rtl of Entity symbolpowerencoder is up to date.
Compiling vhdl file "/home/dan/Desktop/rs_vhdl/src/datapath/AdderModulo.vhd" in Library work.
Architecture rtl of Entity addermodulo is up to date.
Compiling vhdl file "/home/dan/Desktop/rs_vhdl/src/datapath/SymbolPowerDecoder.vhd" in Library work.
Architecture rtl of Entity symbolpowerdecoder is up to date.
Compiling vhdl file "/home/dan/Desktop/rs_vhdl/src/datapath/SymbolRegister.vhd" in Library work.
Architecture rtl of Entity symbolregister is up to date.
Compiling vhdl file "/home/dan/Desktop/rs_vhdl/src/datapath/GfMul.vhd" in Library work.
Architecture rtl of Entity gfmul is up to date.
Compiling vhdl file "/home/dan/Desktop/rs_vhdl/src/datapath/GfSum.vhd" in Library work.
Architecture rtl of Entity gfsum is up to date.
Compiling vhdl file "/home/dan/Desktop/rs_vhdl/src/datapath/ParityCounter.vhd" in Library work.
Architecture rtl of Entity paritycounter is up to date.
Compiling vhdl file "/home/dan/Desktop/rs_vhdl/src/Encoder.vhd" in Library work.
Architecture rtl of Entity rsencoder is up to date.

=========================================================================
*                     Design Hierarchy Analysis                         *
=========================================================================
Analyzing hierarchy for entity <RSEncoder> in library <work> (architecture <rtl>).
"/home/dan/Desktop/rs_vhdl/src/Encoder.vhd" line 73: In entity <RSEncoder>
ERROR:Xst:2585 - Port <feedback_selector> of instance <parity_counter> does not exist in definition <ParityCounter>. Please compare the definition of block <ParityCounter> to its component declaration to detect the mismatch.
ERROR:Xst:2585 - Port <out_selector> of instance <parity_counter> does not exist in definition <ParityCounter>. Please compare the definition of block <ParityCounter> to its component declaration to detect the mismatch.
--> 


Total memory usage is 505084 kilobytes

Number of errors   :    2 (   0 filtered)
Number of warnings :    0 (   0 filtered)
Number of infos    :    0 (   0 filtered)

